Running: C:\Xilinx\14.5\ISE_DS\ISE\bin\nt\unwrapped\fuse.exe -intstyle ise -incremental -lib unisims_ver -lib unimacro_ver -lib xilinxcorelib_ver -o C:/.Xilinx/fsm/atmtest_isim_beh.exe -prj C:/.Xilinx/fsm/atmtest_beh.prj work.atmtest work.glbl 
ISim P.58f (signature 0x8ef4fb42)
Number of CPUs detected in this system: 2
Turning on mult-threading, number of parallel sub-compilation jobs: 4 
Determining compilation order of HDL files
Analyzing Verilog file "C:/.Xilinx/fsm/source.v" into library work
Analyzing Verilog file "C:/.Xilinx/fsm/atmtest.v" into library work
Analyzing Verilog file "C:/Xilinx/14.5/ISE_DS/ISE//verilog/src/glbl.v" into library work
Starting static elaboration
Completed static elaboration
Fuse Memory Usage: 105228 KB
Fuse CPU Usage: 374 ms
Compiling module source
Compiling module atmtest
Compiling module glbl
Time Resolution for simulation is 1ps.
Waiting for 1 sub-compilation(s) to finish...
Compiled 3 Verilog Units
Built simulation executable C:/.Xilinx/fsm/atmtest_isim_beh.exe
Fuse Memory Usage: 111760 KB
Fuse CPU Usage: 467 ms
